#
# There is insufficient memory for the Java Runtime Environment to continue.
# Native memory allocation (malloc) failed to allocate 1333056 bytes for Chunk::new
# Possible reasons:
#   The system is out of physical RAM or swap space
#   In 32 bit mode, the process size limit was hit
# Possible solutions:
#   Reduce memory load on the system
#   Increase physical memory or swap space
#   Check if swap backing store is full
#   Use 64 bit Java on a 64 bit OS
#   Decrease Java heap size (-Xmx/-Xms)
#   Decrease number of Java threads
#   Decrease Java thread stack sizes (-Xss)
#   Set larger code cache with -XX:ReservedCodeCacheSize=
# This output file may be truncated or incomplete.
#
#  Out of Memory Error (allocation.cpp:390), pid=11316, tid=8872
#
# JRE version: Java(TM) SE Runtime Environment (8.0_91-b15) (build 1.8.0_91-b15)
# Java VM: Java HotSpot(TM) 64-Bit Server VM (25.91-b15 mixed mode windows-amd64 compressed oops)
# Failed to write core dump. Minidumps are not enabled by default on client versions of Windows
#

---------------  T H R E A D  ---------------

Current thread (0x000000001773d800):  JavaThread "C2 CompilerThread0" daemon [_thread_in_native, id=8872, stack(0x0000000017db0000,0x0000000017eb0000)]

Stack: [0x0000000017db0000,0x0000000017eb0000]
[error occurred during error reporting (printing stack bounds), id 0xc0000005]

Native frames: (J=compiled Java code, j=interpreted, Vv=VM code, C=native code)


Current CompileTask:
C2:    845 1075       4       com.android.dx.dex.code.OutputFinisher::addConstants (93 bytes)


---------------  P R O C E S S  ---------------

Java Threads: ( => current thread )
  0x00000000177dc000 JavaThread "Service Thread" daemon [_thread_blocked, id=6444, stack(0x00000000181b0000,0x00000000182b0000)]
  0x0000000017749800 JavaThread "C1 CompilerThread3" daemon [_thread_blocked, id=2332, stack(0x00000000180b0000,0x00000000181b0000)]
  0x0000000017746800 JavaThread "C2 CompilerThread2" daemon [_thread_blocked, id=8232, stack(0x0000000017fb0000,0x00000000180b0000)]
  0x0000000017745000 JavaThread "C2 CompilerThread1" daemon [_thread_in_native, id=780, stack(0x0000000017eb0000,0x0000000017fb0000)]
=>0x000000001773d800 JavaThread "C2 CompilerThread0" daemon [_thread_in_native, id=8872, stack(0x0000000017db0000,0x0000000017eb0000)]
  0x000000001773c000 JavaThread "Attach Listener" daemon [_thread_blocked, id=7808, stack(0x0000000017cb0000,0x0000000017db0000)]
  0x000000001773b000 JavaThread "Signal Dispatcher" daemon [_thread_blocked, id=10960, stack(0x0000000017bb0000,0x0000000017cb0000)]
  0x00000000176d0800 JavaThread "Finalizer" daemon [_thread_blocked, id=8952, stack(0x0000000017ab0000,0x0000000017bb0000)]
  0x00000000157ed800 JavaThread "Reference Handler" daemon [_thread_blocked, id=10892, stack(0x00000000175b0000,0x00000000176b0000)]
  0x0000000002bd3800 JavaThread "main" [_thread_in_Java, id=10668, stack(0x00000000029e0000,0x0000000002ae0000)]

Other Threads:
  0x00000000157e9000 VMThread [stack: 0x00000000174b0000,0x00000000175b0000] [id=11088]
  0x0000000017841000 WatcherThread [stack: 0x00000000182b0000,0x00000000183b0000] [id=8088]

VM state:not at safepoint (normal execution)

VM Mutex/Monitor currently owned by a thread: None

Heap:
 PSYoungGen      total 36352K, used 35387K [0x00000000eab00000, 0x00000000ef200000, 0x0000000100000000)
  eden space 31232K, 96% used [0x00000000eab00000,0x00000000ec893f10,0x00000000ec980000)
  from space 5120K, 99% used [0x00000000ec980000,0x00000000ece7ad78,0x00000000ece80000)
  to   space 5120K, 0% used [0x00000000eed00000,0x00000000eed00000,0x00000000ef200000)
 ParOldGen       total 83456K, used 3026K [0x00000000c0000000, 0x00000000c5180000, 0x00000000eab00000)
  object space 83456K, 3% used [0x00000000c0000000,0x00000000c02f4990,0x00000000c5180000)
 Metaspace       used 7582K, capacity 7842K, committed 8064K, reserved 1056768K
  class space    used 793K, capacity 850K, committed 896K, reserved 1048576K

Card table byte_map: [0x0000000012090000,0x00000000122a0000] byte_map_base: 0x0000000011a90000

Marking Bits: (ParMarkBitMap*) 0x000000006d6c2f70
 Begin Bits: [0x0000000012c00000, 0x0000000013c00000)
 End Bits:   [0x0000000013c00000, 0x0000000014c00000)

Polling page: 0x0000000000e30000

CodeCache: size=245760Kb used=4924Kb max_used=4925Kb free=240835Kb
 bounds [0x0000000002cd0000, 0x00000000031b0000, 0x0000000011cd0000]
 total_blobs=1895 nmethods=1601 adapters=207
 compilation: enabled

Compilation events (10 events):
Event: 0.840 Thread 0x0000000017749800 nmethod 1593 0x0000000003198a10 code [0x0000000003198c20, 0x00000000031997d8]
Event: 0.840 Thread 0x0000000017749800 1594       3       java.util.StringTokenizer::nextToken (92 bytes)
Event: 0.841 Thread 0x0000000017749800 nmethod 1594 0x000000000319b0d0 code [0x000000000319b280, 0x000000000319b6b8]
Event: 0.842 Thread 0x0000000017749800 1595       1       java.util.Formatter$Flags::valueOf (5 bytes)
Event: 0.842 Thread 0x0000000017749800 nmethod 1595 0x000000000319a5d0 code [0x000000000319a720, 0x000000000319a830]
Event: 0.842 Thread 0x0000000017749800 1596       1       com.android.dx.merge.DexMerger::access$1700 (5 bytes)
Event: 0.842 Thread 0x0000000017746800 1597       4       java.nio.Buffer::position (43 bytes)
Event: 0.842 Thread 0x0000000017749800 nmethod 1596 0x00000000031a1290 code [0x00000000031a13e0, 0x00000000031a14d0]
Event: 0.843 Thread 0x0000000017746800 nmethod 1597 0x000000000319fa50 code [0x000000000319fb80, 0x000000000319fc38]
Event: 0.843 Thread 0x0000000017746800 1598       4       java.nio.Buffer::limit (62 bytes)

GC Heap History (2 events):
Event: 0.526 GC heap before
{Heap before GC invocations=1 (full 0):
 PSYoungGen      total 36352K, used 31232K [0x00000000eab00000, 0x00000000ed380000, 0x0000000100000000)
  eden space 31232K, 100% used [0x00000000eab00000,0x00000000ec980000,0x00000000ec980000)
  from space 5120K, 0% used [0x00000000ece80000,0x00000000ece80000,0x00000000ed380000)
  to   space 5120K, 0% used [0x00000000ec980000,0x00000000ec980000,0x00000000ece80000)
 ParOldGen       total 83456K, used 0K [0x00000000c0000000, 0x00000000c5180000, 0x00000000eab00000)
  object space 83456K, 0% used [0x00000000c0000000,0x00000000c0000000,0x00000000c5180000)
 Metaspace       used 5794K, capacity 6832K, committed 7040K, reserved 1056768K
  class space    used 596K, capacity 616K, committed 640K, reserved 1048576K
Event: 0.532 GC heap after
Heap after GC invocations=1 (full 0):
 PSYoungGen      total 36352K, used 5099K [0x00000000eab00000, 0x00000000ef200000, 0x0000000100000000)
  eden space 31232K, 0% used [0x00000000eab00000,0x00000000eab00000,0x00000000ec980000)
  from space 5120K, 99% used [0x00000000ec980000,0x00000000ece7ad78,0x00000000ece80000)
  to   space 5120K, 0% used [0x00000000eed00000,0x00000000eed00000,0x00000000ef200000)
 ParOldGen       total 83456K, used 3026K [0x00000000c0000000, 0x00000000c5180000, 0x00000000eab00000)
  object space 83456K, 3% used [0x00000000c0000000,0x00000000c02f4990,0x00000000c5180000)
 Metaspace       used 5794K, capacity 6832K, committed 7040K, reserved 1056768K
  class space    used 596K, capacity 616K, committed 640K, reserved 1048576K
}

Deoptimization events (10 events):
Event: 0.711 Thread 0x0000000002bd3800 Uncommon trap: reason=speculate_class_check action=maybe_recompile pc=0x0000000003070df0 method=java.util.HashMap.putVal(ILjava/lang/Object;Ljava/lang/Object;ZZ)Ljava/lang/Object; @ 152
Event: 0.711 Thread 0x0000000002bd3800 Uncommon trap: reason=speculate_class_check action=maybe_recompile pc=0x0000000003070d98 method=java.util.HashMap.putVal(ILjava/lang/Object;Ljava/lang/Object;ZZ)Ljava/lang/Object; @ 56
Event: 0.711 Thread 0x0000000002bd3800 Uncommon trap: reason=speculate_class_check action=maybe_recompile pc=0x0000000003070d98 method=java.util.HashMap.putVal(ILjava/lang/Object;Ljava/lang/Object;ZZ)Ljava/lang/Object; @ 56
Event: 0.711 Thread 0x0000000002bd3800 Uncommon trap: reason=class_check action=maybe_recompile pc=0x00000000030727c8 method=java.util.HashMap.putVal(ILjava/lang/Object;Ljava/lang/Object;ZZ)Ljava/lang/Object; @ 56
Event: 0.711 Thread 0x0000000002bd3800 Uncommon trap: reason=class_check action=maybe_recompile pc=0x00000000030727c8 method=java.util.HashMap.putVal(ILjava/lang/Object;Ljava/lang/Object;ZZ)Ljava/lang/Object; @ 56
Event: 0.772 Thread 0x0000000002bd3800 Uncommon trap: reason=unstable_if action=reinterpret pc=0x0000000003114f44 method=java.util.HashMap.putVal(ILjava/lang/Object;Ljava/lang/Object;ZZ)Ljava/lang/Object; @ 162
Event: 0.772 Thread 0x0000000002bd3800 Uncommon trap: reason=unstable_if action=reinterpret pc=0x0000000003118020 method=java.util.HashMap.putVal(ILjava/lang/Object;Ljava/lang/Object;ZZ)Ljava/lang/Object; @ 162
Event: 0.830 Thread 0x0000000002bd3800 Uncommon trap: reason=unstable_if action=reinterpret pc=0x000000000312cd34 method=sun.misc.URLClassPath.getLoader(I)Lsun/misc/URLClassPath$Loader; @ 36
Event: 0.830 Thread 0x0000000002bd3800 Uncommon trap: reason=unstable_if action=reinterpret pc=0x0000000003126dd8 method=sun.misc.URLClassPath.getLoader(I)Lsun/misc/URLClassPath$Loader; @ 36
Event: 0.830 Thread 0x0000000002bd3800 Uncommon trap: reason=unstable_if action=reinterpret pc=0x0000000002ea6bc4 method=sun.misc.MetaIndex.mayContain(Ljava/lang/String;)Z @ 13

Internal exceptions (6 events):
Event: 0.032 Thread 0x0000000002bd3800 Exception <a 'java/lang/NoSuchMethodError': Method sun.misc.Unsafe.defineClass(Ljava/lang/String;[BII)Ljava/lang/Class; name or signature does not match> (0x00000000eab07cc0) thrown at [C:\re\workspace\8-2-build-windows-amd64-cygwin\jdk8u91\7017\hotspot\srUùDÒe†?
Event: 0.032 Thread 0x0000000002bd3800 Exception <a 'java/lang/NoSuchMethodError': Method sun.misc.Unsafe.prefetchRead(Ljava/lang/Object;J)V name or signature does not match> (0x00000000eab07fa8) thrown at [C:\re\workspace\8-2-build-windows-amd64-cygwin\jdk8u91\7017\hotspot\src\share\vm\prims\jæúåæòëÍ?
Event: 0.830 Thread 0x0000000002bd3800 Exception <a 'java/security/PrivilegedActionException'> (0x00000000ec777ac8) thrown at [C:\re\workspace\8-2-build-windows-amd64-cygwin\jdk8u91\7017\hotspot\src\share\vm\prims\jvm.cpp, line 1386]
Event: 0.830 Thread 0x0000000002bd3800 Exception <a 'java/security/PrivilegedActionException'> (0x00000000ec777ec0) thrown at [C:\re\workspace\8-2-build-windows-amd64-cygwin\jdk8u91\7017\hotspot\src\share\vm\prims\jvm.cpp, line 1386]
Event: 0.831 Thread 0x0000000002bd3800 Exception <a 'java/security/PrivilegedActionException'> (0x00000000ec77c0d8) thrown at [C:\re\workspace\8-2-build-windows-amd64-cygwin\jdk8u91\7017\hotspot\src\share\vm\prims\jvm.cpp, line 1386]
Event: 0.831 Thread 0x0000000002bd3800 Exception <a 'java/security/PrivilegedActionException'> (0x00000000ec77c4d0) thrown at [C:\re\workspace\8-2-build-windows-amd64-cygwin\jdk8u91\7017\hotspot\src\share\vm\prims\jvm.cpp, line 1386]

Events (10 events):
Event: 0.841 loading class java/util/Formatter$Conversion
Event: 0.841 loading class java/util/Formatter$Conversion done
Event: 0.841 loading class sun/misc/FormattedFloatingDecimal$Form
Event: 0.841 loading class sun/misc/FormattedFloatingDecimal$Form done
Event: 0.841 loading class sun/misc/FormattedFloatingDecimal
Event: 0.841 loading class sun/misc/FormattedFloatingDecimal done
Event: 0.842 loading class sun/misc/FormattedFloatingDecimal$1
Event: 0.842 loading class sun/misc/FormattedFloatingDecimal$1 done
Event: 0.842 loading class sun/misc/FormattedFloatingDecimal$2
Event: 0.842 loading class sun/misc/FormattedFloatingDecimal$2 done


Dynamic libraries:
0x00007ff667df0000 - 0x00007ff667e27000 	C:\Program Files\Java\jdk1.8.0_91\bin\java.exe
0x00007fff19f80000 - 0x00007fff1a141000 	C:\windows\SYSTEM32\ntdll.dll
0x00007fff17c70000 - 0x00007fff17d1d000 	C:\windows\system32\KERNEL32.DLL
0x00007fff16ee0000 - 0x00007fff170c8000 	C:\windows\system32\KERNELBASE.dll
0x00007fff17e80000 - 0x00007fff17f27000 	C:\windows\system32\ADVAPI32.dll
0x00007fff17f30000 - 0x00007fff17fcd000 	C:\windows\system32\msvcrt.dll
0x00007fff19610000 - 0x00007fff1966b000 	C:\windows\system32\sechost.dll
0x00007fff174a0000 - 0x00007fff175bc000 	C:\windows\system32\RPCRT4.dll
0x00007fff19b60000 - 0x00007fff19cb6000 	C:\windows\system32\USER32.dll
0x00007fff175c0000 - 0x00007fff17746000 	C:\windows\system32\GDI32.dll
0x00007fff04820000 - 0x00007fff04a94000 	C:\windows\WinSxS\amd64_microsoft.windows.common-controls_6595b64144ccf1df_6.0.10586.589_none_a2ddb3caa539acce\COMCTL32.dll
0x00007fff19670000 - 0x00007fff198ed000 	C:\windows\system32\combase.dll
0x00007fff16720000 - 0x00007fff1678a000 	C:\windows\system32\bcryptPrimitives.dll
0x00007fff173f0000 - 0x00007fff1742b000 	C:\windows\system32\IMM32.DLL
0x000000006c7a0000 - 0x000000006c872000 	C:\Program Files\Java\jdk1.8.0_91\jre\bin\msvcr100.dll
0x000000006ceb0000 - 0x000000006d743000 	C:\Program Files\Java\jdk1.8.0_91\jre\bin\server\jvm.dll
0x00007fff17b80000 - 0x00007fff17b88000 	C:\windows\system32\PSAPI.DLL
0x00007fff14a00000 - 0x00007fff14a23000 	C:\windows\SYSTEM32\WINMM.dll
0x00007fff152d0000 - 0x00007fff152da000 	C:\windows\SYSTEM32\VERSION.dll
0x00007fff0da30000 - 0x00007fff0da39000 	C:\windows\SYSTEM32\WSOCK32.dll
0x00007fff19af0000 - 0x00007fff19b5b000 	C:\windows\system32\WS2_32.dll
0x00000000025f0000 - 0x000000000261c000 	C:\windows\SYSTEM32\WINMMBASE.dll
0x00007fff16790000 - 0x00007fff167d3000 	C:\windows\system32\cfgmgr32.dll
0x000000006cea0000 - 0x000000006ceaf000 	C:\Program Files\Java\jdk1.8.0_91\jre\bin\verify.dll
0x000000006ce70000 - 0x000000006ce99000 	C:\Program Files\Java\jdk1.8.0_91\jre\bin\java.dll
0x000000006ce50000 - 0x000000006ce66000 	C:\Program Files\Java\jdk1.8.0_91\jre\bin\zip.dll
0x00007fff17fd0000 - 0x00007fff1952c000 	C:\windows\system32\SHELL32.dll
0x00007fff16890000 - 0x00007fff16ed5000 	C:\windows\system32\windows.storage.dll
0x00007fff19530000 - 0x00007fff19582000 	C:\windows\system32\shlwapi.dll
0x00007fff16620000 - 0x00007fff1662f000 	C:\windows\system32\kernel.appcore.dll
0x00007fff172a0000 - 0x00007fff17355000 	C:\windows\system32\shcore.dll
0x00007fff165c0000 - 0x00007fff1660b000 	C:\windows\system32\powrprof.dll
0x00007fff165a0000 - 0x00007fff165b4000 	C:\windows\system32\profapi.dll

VM Arguments:
jvm_args: -Xmx1024M -Dfile.encoding=GBK -Duser.country=CN -Duser.language=zh -Duser.variant 
java_command: com.android.dx.command.Main --dex --num-threads=4 --output C:\Users\Administrator\Desktop\menApp\android\app\build\intermediates\dex\debug C:\Users\Administrator\Desktop\menApp\android\app\build\intermediates\classes\debug C:\Users\Administrator\Desktop\menApp\android\app\build\intermediates\pre-dexed\debug\javax.inject-1-230cfd4e53315dfe047b358f91db85028a798d3c.jar C:\Users\Administrator\Desktop\menApp\android\app\build\intermediates\pre-dexed\debug\infer-annotations-1.5-f4862416e52cc0dc332365fc7213c73c8355e1b0.jar C:\Users\Administrator\Desktop\menApp\android\app\build\intermediates\pre-dexed\debug\support-annotations-23.2.1-04372f9b9d0f6890667aab3f4f527a3a1cc62075.jar C:\Users\Administrator\Desktop\menApp\android\app\build\intermediates\pre-dexed\debug\classes-1458fe44c8a0368c0b0892b0edd270506805705a.jar C:\Users\Administrator\Desktop\menApp\android\app\build\intermediates\pre-dexed\debug\classes-8676019ebdfa4dde3a729f9cf29d8f3bed028a7c.jar C:\Users\Administrator\Desktop\menApp\android\app\build\intermediates\pre-dexed\debug\okhttp-ws-3.4.1-fe83462a5d206d9870f1dd3ec3f8349b06d7cb1f.jar C:\Users\Administrator\Desktop\menApp\android\app\build\intermediates\pre-dexed\debug\bolts-tasks-1.4.0-c64325f78a24c085b700c554244dc03fa6bc6a89.jar C:\Users\Administrator\Desktop\menApp\android\app\build\intermediates\pre-dexed\debug\jsr305-3.0.0-a971f67c50848f35eab062a5cec0856f32aa537b.jar C:\Users\Administrator\Desktop\menApp\android\app\build\intermediates\pre-dexed\debug\okhttp-urlconnection-3.4.1-8c53f11782c30ceeab64a97cd78f9c7aa80afcf8.jar C:\Users\Administrator\Desktop\menApp\android\app\build\intermediates\pre-dexed\debug\classes-5da2f1075f131e51712a292a1de6cd0dec1efe8b.jar C:\Users\Administrator\Desktop\menApp\android\app\build\intermediates\pre-dexed\debug\okio-1.6.0-leancloud-61869a3008ac006b5948300e1d328049b60270c3.jar C:\Users\Administrator\Desktop\menApp\android\app\build\intermediates\pre-dexed\debug\mta-sdk-1.6.2-42fa30cb1f40b581943ba5b9c8efd6989470f
java_class_path (initial): G:\Android\sdk\build-tools\23.0.1\lib\dx.jar
Launcher Type: SUN_STANDARD

Environment Variables:
JAVA_HOME=C:\Program Files\Java\jdk1.8.0_91
CLASSPATH=C:\Users\Administrator\Desktop\menApp\android\\gradle\wrapper\gradle-wrapper.jar
PATH=G:\language\python27\;G:\language\python27\Scripts;C:\Program Files (x86)\Common Files\NetSarang;C:\windows\system32;C:\windows;C:\windows\System32\Wbem;C:\windows\System32\WindowsPowerShell\v1.0\;G:\language\scala\bin;C:\Program Files\TortoiseSVN\bin;C:\Program Files\Java\jdk1.8.0_91\bin;G:\Program Files\apache-maven-3.3.9\bin;G:\language\nodejs\;C:\Program Files (x86)\Subversion\bin;G:\Android\sdk\tools;G:\Android\sdk\platform-tools;D:\Program Files\gradle-2.4\bin;C:\Users\Administrator\AppData\Roaming\npm
USERNAME=hay
LD_LIBRARY_PATH=G:\Program Files\PLSQL\instantclient_11_2
OS=Windows_NT
PROCESSOR_IDENTIFIER=Intel64 Family 6 Model 58 Stepping 9, GenuineIntel



---------------  S Y S T E M  ---------------

OS: Windows 10.0 , 64 bit Build 10586 (10.0.10586.589)

CPU:total 8 (4 cores per cpu, 2 threads per core) family 6 model 58 stepping 9, cmov, cx8, fxsr, mmx, sse, sse2, sse3, ssse3, sse4.1, sse4.2, popcnt, avx, clmul, erms, ht, tsc, tscinvbit, tscinv

Memory: 4k page, physical 7895996k(1096364k free), swap 12950624k(6404k free)

vm_info: Java HotSpot(TM) 64-Bit Server VM (25.91-b15) for windows-amd64 JRE (1.8.0_91-b15), built on May 20 2016 17:43:15 by "java_re" with MS VC++ 10.0 (VS2010)

time: Tue Dec 27 16:09:53 2016
elapsed time: 0 seconds (0d 0h 0m 0s)

